<?xml version="1.0" encoding="UTF-8"?>
<!-- Generated by org.testng.reporters.JUnitXMLReporter -->
<testsuite ignored="12" hostname="DESKTOP-0QQB48E" failures="1" tests="1" name="Default test" time="44.867" errors="0" timestamp="2025-04-13T23:51:08 IST">
  <testcase classname="OrangeHRM.orangeHRMTestSuites" name="Time" time="39.891">
    <failure type="org.openqa.selenium.support.ui.UnexpectedTagNameException" message="Element should have been &amp;quot;select&amp;quot; but was &amp;quot;input&amp;quot;
Build info: version: &amp;apos;4.28.1&amp;apos;, revision: &amp;apos;73f5ad48a2&amp;apos;
System info: os.name: &amp;apos;Windows 11&amp;apos;, os.arch: &amp;apos;amd64&amp;apos;, os.version: &amp;apos;10.0&amp;apos;, java.version: &amp;apos;21.0.5&amp;apos;
Driver info: driver.version: unknown">
      <![CDATA[org.openqa.selenium.support.ui.UnexpectedTagNameException: Element should have been "select" but was "input"
Build info: version: '4.28.1', revision: '73f5ad48a2'
System info: os.name: 'Windows 11', os.arch: 'amd64', os.version: '10.0', java.version: '21.0.5'
Driver info: driver.version: unknown
at org.openqa.selenium.support.ui.Select.<init>(Select.java:44)
at OrangeHRM.reusuableKeyWords.selectByVisibleText(reusuableKeyWords.java:112)
at OrangeHRM.reusuableKeyWords.viewTime(reusuableKeyWords.java:286)
at OrangeHRM.orangeHRMTestSuites.Time(orangeHRMTestSuites.java:86)
at java.base/jdk.internal.reflect.DirectMethodHandleAccessor.invoke(DirectMethodHandleAccessor.java:103)
at java.base/java.lang.reflect.Method.invoke(Method.java:580)
at org.testng.internal.invokers.MethodInvocationHelper.invokeMethod(MethodInvocationHelper.java:141)
at org.testng.internal.invokers.TestInvoker.invokeMethod(TestInvoker.java:687)
at org.testng.internal.invokers.TestInvoker.invokeTestMethod(TestInvoker.java:230)
at org.testng.internal.invokers.MethodRunner.runInSequence(MethodRunner.java:63)
at org.testng.internal.invokers.TestInvoker$MethodInvocationAgent.invoke(TestInvoker.java:995)
at org.testng.internal.invokers.TestInvoker.invokeTestMethods(TestInvoker.java:203)
at org.testng.internal.invokers.TestMethodWorker.invokeTestMethods(TestMethodWorker.java:154)
at org.testng.internal.invokers.TestMethodWorker.run(TestMethodWorker.java:134)
at java.base/java.util.ArrayList.forEach(ArrayList.java:1596)
at org.testng.TestRunner.privateRun(TestRunner.java:741)
at org.testng.TestRunner.run(TestRunner.java:616)
at org.testng.SuiteRunner.runTest(SuiteRunner.java:421)
at org.testng.SuiteRunner.runSequentially(SuiteRunner.java:413)
at org.testng.SuiteRunner.privateRun(SuiteRunner.java:373)
at org.testng.SuiteRunner.run(SuiteRunner.java:312)
at org.testng.SuiteRunnerWorker.runSuite(SuiteRunnerWorker.java:52)
at org.testng.SuiteRunnerWorker.run(SuiteRunnerWorker.java:95)
at org.testng.TestNG.runSuitesSequentially(TestNG.java:1274)
at org.testng.TestNG.runSuitesLocally(TestNG.java:1208)
at org.testng.TestNG.runSuites(TestNG.java:1112)
at org.testng.TestNG.run(TestNG.java:1079)
at org.testng.remote.AbstractRemoteTestNG.run(AbstractRemoteTestNG.java:115)
at org.testng.remote.RemoteTestNG.initAndRun(RemoteTestNG.java:293)
at org.testng.remote.RemoteTestNG.main(RemoteTestNG.java:91)
]]>
    </failure>
  </testcase> <!-- Time -->
  <testcase classname="OrangeHRM.orangeHRMTestSuites" name="Support" time="0.0">
    <ignored/>
  </testcase> <!-- Support -->
  <testcase classname="OrangeHRM.orangeHRMTestSuites" name="Directory" time="0.0">
    <ignored/>
  </testcase> <!-- Directory -->
  <testcase classname="OrangeHRM.orangeHRMTestSuites" name="Buzz" time="0.0">
    <ignored/>
  </testcase> <!-- Buzz -->
  <testcase classname="OrangeHRM.orangeHRMTestSuites" name="About" time="0.0">
    <ignored/>
  </testcase> <!-- About -->
  <testcase classname="OrangeHRM.orangeHRMTestSuites" name="Leave" time="0.0">
    <ignored/>
  </testcase> <!-- Leave -->
  <testcase classname="OrangeHRM.orangeHRMTestSuites" name="Performance" time="0.0">
    <ignored/>
  </testcase> <!-- Performance -->
  <testcase classname="OrangeHRM.orangeHRMTestSuites" name="Admin" time="0.0">
    <ignored/>
  </testcase> <!-- Admin -->
  <testcase classname="OrangeHRM.orangeHRMTestSuites" name="MyInfo" time="0.0">
    <ignored/>
  </testcase> <!-- MyInfo -->
  <testcase classname="OrangeHRM.orangeHRMTestSuites" name="Recruitment" time="0.0">
    <ignored/>
  </testcase> <!-- Recruitment -->
  <testcase classname="OrangeHRM.orangeHRMTestSuites" name="Dashboard" time="0.0">
    <ignored/>
  </testcase> <!-- Dashboard -->
  <testcase classname="OrangeHRM.orangeHRMTestSuites" name="PIM" time="0.0">
    <ignored/>
  </testcase> <!-- PIM -->
  <testcase classname="OrangeHRM.orangeHRMTestSuites" name="Login" time="0.0">
    <ignored/>
  </testcase> <!-- Login -->
</testsuite> <!-- Default test -->
